0 info it worked if it ends with ok
1 verbose cli [ 'node', '/usr/local/bin/npm', 'install', '-g', 'mocha@1.162' ]
2 info using npm@1.4.28
3 info using node@v0.10.36
4 verbose cache add [ 'mocha@1.162', null ]
5 verbose cache add name=undefined spec="mocha@1.162" args=["mocha@1.162",null]
6 verbose parsed url { protocol: null,
6 verbose parsed url   slashes: null,
6 verbose parsed url   auth: null,
6 verbose parsed url   host: null,
6 verbose parsed url   port: null,
6 verbose parsed url   hostname: null,
6 verbose parsed url   hash: null,
6 verbose parsed url   search: null,
6 verbose parsed url   query: null,
6 verbose parsed url   pathname: 'mocha@1.162',
6 verbose parsed url   path: 'mocha@1.162',
6 verbose parsed url   href: 'mocha@1.162' }
7 verbose cache add name="mocha" spec="1.162" args=["mocha","1.162"]
8 verbose parsed url { protocol: null,
8 verbose parsed url   slashes: null,
8 verbose parsed url   auth: null,
8 verbose parsed url   host: null,
8 verbose parsed url   port: null,
8 verbose parsed url   hostname: null,
8 verbose parsed url   hash: null,
8 verbose parsed url   search: null,
8 verbose parsed url   query: null,
8 verbose parsed url   pathname: '1.162',
8 verbose parsed url   path: '1.162',
8 verbose parsed url   href: '1.162' }
9 verbose addNamed [ 'mocha', '1.162' ]
10 verbose addNamed [ null, '>=1.162.0-0 <1.163.0-0' ]
11 silly lockFile 9fceacf4-mocha-1-162 mocha@1.162
12 verbose lock mocha@1.162 /Users/julioadrianpenaromero/.npm/9fceacf4-mocha-1-162.lock
13 silly addNameRange { name: 'mocha',
13 silly addNameRange   range: '>=1.162.0-0 <1.163.0-0',
13 silly addNameRange   hasData: false }
14 verbose request where is /mocha
15 verbose request registry https://registry.npmjs.org/
16 verbose request id ee8bd6e48d5430e1
17 verbose url raw /mocha
18 verbose url resolving [ 'https://registry.npmjs.org/', './mocha' ]
19 verbose url resolved https://registry.npmjs.org/mocha
20 verbose request where is https://registry.npmjs.org/mocha
21 info trying registry request attempt 1 at 23:25:08
22 http GET https://registry.npmjs.org/mocha
23 http 200 https://registry.npmjs.org/mocha
24 silly registry.get cb [ 200,
24 silly registry.get   { date: 'Wed, 11 Feb 2015 04:25:09 GMT',
24 silly registry.get     server: 'CouchDB/1.5.0 (Erlang OTP/R16B03)',
24 silly registry.get     etag: '"5XD6QYQIBV6149WBCGOIQID5U"',
24 silly registry.get     'content-type': 'application/json',
24 silly registry.get     'cache-control': 'max-age=60',
24 silly registry.get     'content-length': '111616',
24 silly registry.get     'accept-ranges': 'bytes',
24 silly registry.get     via: '1.1 varnish',
24 silly registry.get     age: '36',
24 silly registry.get     'x-served-by': 'cache-jfk1028-JFK',
24 silly registry.get     'x-cache': 'HIT',
24 silly registry.get     'x-cache-hits': '1',
24 silly registry.get     'x-timer': 'S1423628709.906463,VS0,VE0',
24 silly registry.get     vary: 'Accept',
24 silly registry.get     'keep-alive': 'timeout=10, max=50',
24 silly registry.get     connection: 'Keep-Alive' } ]
25 silly addNameRange number 2 { name: 'mocha', range: '>=1.162.0-0 <1.163.0-0', hasData: true }
26 silly addNameRange versions [ 'mocha',
26 silly addNameRange   [ '0.0.1-alpha1',
26 silly addNameRange     '0.0.1-alpha2',
26 silly addNameRange     '0.0.1-alpha3',
26 silly addNameRange     '0.0.1-alpha4',
26 silly addNameRange     '0.0.1-alpha5',
26 silly addNameRange     '0.0.1-alpha6',
26 silly addNameRange     '0.0.1',
26 silly addNameRange     '0.0.2',
26 silly addNameRange     '0.0.3',
26 silly addNameRange     '0.0.4',
26 silly addNameRange     '0.0.5',
26 silly addNameRange     '0.0.6',
26 silly addNameRange     '0.0.7',
26 silly addNameRange     '0.0.8',
26 silly addNameRange     '0.1.0',
26 silly addNameRange     '0.2.0',
26 silly addNameRange     '0.3.0',
26 silly addNameRange     '0.3.1',
26 silly addNameRange     '0.3.2',
26 silly addNameRange     '0.3.3',
26 silly addNameRange     '0.3.4',
26 silly addNameRange     '0.3.6',
26 silly addNameRange     '0.4.0',
26 silly addNameRange     '0.5.0',
26 silly addNameRange     '0.6.0',
26 silly addNameRange     '0.7.0',
26 silly addNameRange     '0.7.1',
26 silly addNameRange     '0.8.0',
26 silly addNameRange     '0.8.1',
26 silly addNameRange     '0.9.0',
26 silly addNameRange     '0.10.0',
26 silly addNameRange     '0.10.1',
26 silly addNameRange     '0.10.2',
26 silly addNameRange     '0.11.0',
26 silly addNameRange     '0.12.0',
26 silly addNameRange     '0.12.1',
26 silly addNameRange     '0.13.0',
26 silly addNameRange     '0.14.0',
26 silly addNameRange     '0.14.1',
26 silly addNameRange     '1.0.0',
26 silly addNameRange     '1.0.1',
26 silly addNameRange     '1.0.2',
26 silly addNameRange     '1.0.3',
26 silly addNameRange     '1.1.0',
26 silly addNameRange     '1.2.0',
26 silly addNameRange     '1.2.1',
26 silly addNameRange     '1.2.2',
26 silly addNameRange     '1.3.0',
26 silly addNameRange     '1.3.1',
26 silly addNameRange     '1.3.2',
26 silly addNameRange     '1.4.0',
26 silly addNameRange     '1.4.1',
26 silly addNameRange     '1.4.2',
26 silly addNameRange     '1.4.3',
26 silly addNameRange     '1.5.0',
26 silly addNameRange     '1.6.0',
26 silly addNameRange     '1.7.0',
26 silly addNameRange     '1.7.1',
26 silly addNameRange     '1.7.2',
26 silly addNameRange     '1.7.3',
26 silly addNameRange     '1.7.4',
26 silly addNameRange     '1.8.0',
26 silly addNameRange     '1.8.1',
26 silly addNameRange     '1.8.2',
26 silly addNameRange     '1.9.0',
26 silly addNameRange     '1.10.0',
26 silly addNameRange     '1.11.0',
26 silly addNameRange     '1.12.0',
26 silly addNameRange     '1.12.1',
26 silly addNameRange     '1.13.0',
26 silly addNameRange     '1.14.0',
26 silly addNameRange     '1.15.0',
26 silly addNameRange     '1.15.1',
26 silly addNameRange     '1.16.0',
26 silly addNameRange     '1.16.1',
26 silly addNameRange     '1.16.2',
26 silly addNameRange     '1.17.0',
26 silly addNameRange     '1.17.1',
26 silly addNameRange     '1.18.0',
26 silly addNameRange     '1.18.1',
26 silly addNameRange     '1.18.2',
26 silly addNameRange     '1.19.0',
26 silly addNameRange     '1.20.0',
26 silly addNameRange     '1.20.1',
26 silly addNameRange     '1.21.0',
26 silly addNameRange     '1.21.1',
26 silly addNameRange     '1.21.2',
26 silly addNameRange     '1.21.3',
26 silly addNameRange     '1.21.4',
26 silly addNameRange     '1.21.5',
26 silly addNameRange     '2.0.0',
26 silly addNameRange     '2.0.1',
26 silly addNameRange     '2.1.0' ] ]
27 silly lockFile 9fceacf4-mocha-1-162 mocha@1.162
28 silly lockFile 9fceacf4-mocha-1-162 mocha@1.162
29 error notarget No compatible version found: mocha@'>=1.162.0-0 <1.163.0-0'
29 error notarget Valid install targets:
29 error notarget ["0.0.1-alpha1","0.0.1-alpha2","0.0.1-alpha3","0.0.1-alpha4","0.0.1-alpha5","0.0.1-alpha6","0.0.1","0.0.2","0.0.3","0.0.4","0.0.5","0.0.6","0.0.7","0.0.8","0.1.0","0.2.0","0.3.0","0.3.1","0.3.2","0.3.3","0.3.4","0.3.6","0.4.0","0.5.0","0.6.0","0.7.0","0.7.1","0.8.0","0.8.1","0.9.0","0.10.0","0.10.1","0.10.2","0.11.0","0.12.0","0.12.1","0.13.0","0.14.0","0.14.1","1.0.0","1.0.1","1.0.2","1.0.3","1.1.0","1.2.0","1.2.1","1.2.2","1.3.0","1.3.1","1.3.2","1.4.0","1.4.1","1.4.2","1.4.3","1.5.0","1.6.0","1.7.0","1.7.1","1.7.2","1.7.3","1.7.4","1.8.0","1.8.1","1.8.2","1.9.0","1.10.0","1.11.0","1.12.0","1.12.1","1.13.0","1.14.0","1.15.0","1.15.1","1.16.0","1.16.1","1.16.2","1.17.0","1.17.1","1.18.0","1.18.1","1.18.2","1.19.0","1.20.0","1.20.1","1.21.0","1.21.1","1.21.2","1.21.3","1.21.4","1.21.5","2.0.0","2.0.1","2.1.0"]
29 error notarget
29 error notarget This is most likely not a problem with npm itself.
29 error notarget In most cases you or one of your dependencies are requesting
29 error notarget a package version that doesn't exist.
30 error System Darwin 14.1.0
31 error command "node" "/usr/local/bin/npm" "install" "-g" "mocha@1.162"
32 error cwd /Users/julioadrianpenaromero/Documents/NodeJs Scripts
33 error node -v v0.10.36
34 error npm -v 1.4.28
35 error code ETARGET
36 verbose exit [ 1, true ]
