0 info it worked if it ends with ok
1 verbose cli [ 'node',
1 verbose cli   '/usr/local/bin/npm',
1 verbose cli   'install',
1 verbose cli   'Makefile',
1 verbose cli   '--save-dev' ]
2 info using npm@1.4.28
3 info using node@v0.10.36
4 warn package.json expect.js@0.2.0 No repository field.
5 verbose readDependencies using package.json deps
6 verbose cache add [ 'Makefile', null ]
7 verbose cache add name=undefined spec="Makefile" args=["Makefile",null]
8 verbose parsed url { protocol: null,
8 verbose parsed url   slashes: null,
8 verbose parsed url   auth: null,
8 verbose parsed url   host: null,
8 verbose parsed url   port: null,
8 verbose parsed url   hostname: null,
8 verbose parsed url   hash: null,
8 verbose parsed url   search: null,
8 verbose parsed url   query: null,
8 verbose parsed url   pathname: 'Makefile',
8 verbose parsed url   path: 'Makefile',
8 verbose parsed url   href: 'Makefile' }
9 silly lockFile 836efb6e-Makefile Makefile
10 verbose lock Makefile /Users/julioadrianpenaromero/.npm/836efb6e-Makefile.lock
11 verbose chmod /tmp/npm-567-lA0E9Bby/1423632791063-0.9743166966363788/tmp.tgz 644
12 verbose tar unpack /tmp/npm-567-lA0E9Bby/1423632791063-0.9743166966363788/tmp.tgz
13 silly lockFile 2e075499--9743166966363788-tmp-tgz-unpack tar:///tmp/npm-567-lA0E9Bby/1423632791063-0.9743166966363788/tmp.tgz-unpack
14 verbose lock tar:///tmp/npm-567-lA0E9Bby/1423632791063-0.9743166966363788/tmp.tgz-unpack /Users/julioadrianpenaromero/.npm/2e075499--9743166966363788-tmp-tgz-unpack.lock
15 silly lockFile feeeb9b5-91063-0-9743166966363788-tmp-tgz tar:///tmp/npm-567-lA0E9Bby/1423632791063-0.9743166966363788/tmp.tgz
16 verbose lock tar:///tmp/npm-567-lA0E9Bby/1423632791063-0.9743166966363788/tmp.tgz /Users/julioadrianpenaromero/.npm/feeeb9b5-91063-0-9743166966363788-tmp-tgz.lock
17 silly gunzTarPerm modes [ '755', '644' ]
18 error not a package /tmp/npm-567-lA0E9Bby/1423632791063-0.9743166966363788/tmp.tgz
19 silly lockFile 2e075499--9743166966363788-tmp-tgz-unpack tar:///tmp/npm-567-lA0E9Bby/1423632791063-0.9743166966363788/tmp.tgz-unpack
20 silly lockFile 2e075499--9743166966363788-tmp-tgz-unpack tar:///tmp/npm-567-lA0E9Bby/1423632791063-0.9743166966363788/tmp.tgz-unpack
21 silly lockFile feeeb9b5-91063-0-9743166966363788-tmp-tgz tar:///tmp/npm-567-lA0E9Bby/1423632791063-0.9743166966363788/tmp.tgz
22 silly lockFile feeeb9b5-91063-0-9743166966363788-tmp-tgz tar:///tmp/npm-567-lA0E9Bby/1423632791063-0.9743166966363788/tmp.tgz
23 silly lockFile 836efb6e-Makefile Makefile
24 silly lockFile 836efb6e-Makefile Makefile
25 verbose addNamed [ 'Makefile', '' ]
26 verbose addNamed [ null, '*' ]
27 silly lockFile fd63a9f1-Makefile Makefile@
28 verbose lock Makefile@ /Users/julioadrianpenaromero/.npm/fd63a9f1-Makefile.lock
29 silly addNameRange { name: 'Makefile', range: '*', hasData: false }
30 verbose request where is /Makefile
31 verbose request registry https://registry.npmjs.org/
32 verbose request id 6098f90d5c618253
33 verbose url raw /Makefile
34 verbose url resolving [ 'https://registry.npmjs.org/', './Makefile' ]
35 verbose url resolved https://registry.npmjs.org/Makefile
36 verbose request where is https://registry.npmjs.org/Makefile
37 info trying registry request attempt 1 at 00:33:11
38 http GET https://registry.npmjs.org/Makefile
39 http 404 https://registry.npmjs.org/Makefile
40 verbose headers { date: 'Wed, 11 Feb 2015 05:33:12 GMT',
40 verbose headers   server: 'CouchDB/1.5.0 (Erlang OTP/R16B03)',
40 verbose headers   'content-type': 'application/json',
40 verbose headers   'cache-control': 'max-age=0',
40 verbose headers   'content-length': '52',
40 verbose headers   'accept-ranges': 'bytes',
40 verbose headers   via: '1.1 varnish',
40 verbose headers   age: '0',
40 verbose headers   'x-served-by': 'cache-atl6226-ATL',
40 verbose headers   'x-cache': 'MISS',
40 verbose headers   'x-cache-hits': '0',
40 verbose headers   'x-timer': 'S1423632792.054665,VS0,VE75',
40 verbose headers   'keep-alive': 'timeout=10, max=50',
40 verbose headers   connection: 'Keep-Alive' }
41 silly registry.get cb [ 404,
41 silly registry.get   { date: 'Wed, 11 Feb 2015 05:33:12 GMT',
41 silly registry.get     server: 'CouchDB/1.5.0 (Erlang OTP/R16B03)',
41 silly registry.get     'content-type': 'application/json',
41 silly registry.get     'cache-control': 'max-age=0',
41 silly registry.get     'content-length': '52',
41 silly registry.get     'accept-ranges': 'bytes',
41 silly registry.get     via: '1.1 varnish',
41 silly registry.get     age: '0',
41 silly registry.get     'x-served-by': 'cache-atl6226-ATL',
41 silly registry.get     'x-cache': 'MISS',
41 silly registry.get     'x-cache-hits': '0',
41 silly registry.get     'x-timer': 'S1423632792.054665,VS0,VE75',
41 silly registry.get     'keep-alive': 'timeout=10, max=50',
41 silly registry.get     connection: 'Keep-Alive' } ]
42 silly lockFile fd63a9f1-Makefile Makefile@
43 silly lockFile fd63a9f1-Makefile Makefile@
44 error 404 404 Not Found: Makefile
44 error 404
44 error 404 'Makefile' is not in the npm registry.
44 error 404 You should bug the author to publish it
44 error 404 It was specified as a dependency of 'hello-world'
44 error 404
44 error 404 Note that you can also install from a
44 error 404 tarball, folder, or http url, or git url.
45 error System Darwin 14.1.0
46 error command "node" "/usr/local/bin/npm" "install" "Makefile" "--save-dev"
47 error cwd /Users/julioadrianpenaromero/Documents/NodeJs Scripts/blog
48 error node -v v0.10.36
49 error npm -v 1.4.28
50 error code E404
51 verbose exit [ 1, true ]
